2025-04-25 09:59:20.599 +0200 [my-app] info: Logger initialized at level: debug
2025-04-25 10:17:37.972 +0200 [my-app] info: Logger initialized at level: debug
2025-04-25 10:18:44.246 +0200 [my-app] info: Logger initialized at level: debug
2025-04-25 10:18:51.445 +0200 [my-app] info: Logger initialized at level: debug
2025-04-25 10:20:02.650 +0200 [my-app] info: Logger initialized at level: debug
2025-04-25 10:20:44.238 +0200 [my-app] info: Logger initialized at level: debug
2025-04-25 10:23:02.274 +0200 [my-app] info: Logger initialized at level: debug
2025-04-25 10:23:10.962 +0200 [my-app] info: Logger initialized at level: debug
2025-04-25 10:23:29.319 +0200 [my-app] info: Logger initialized at level: debug
2025-04-25 10:23:29.322 +0200 [my-app] info: Servern körs på http://localhost:3000
2025-04-25 10:25:43.876 +0200 [my-app] info: Logger initialized at level: debug
2025-04-25 10:25:43.880 +0200 [my-app] info: Servern körs på http://localhost:3000
2025-04-25 10:27:03.155 +0200 [my-app] info: Logger initialized at level: debug
2025-04-25 10:27:03.159 +0200 [my-app] info: Server is running on http://localhost:3000
2025-04-25 10:27:17.947 +0200 [my-app] info: Logger initialized at level: debug
2025-04-25 10:27:17.951 +0200 [my-app] info: Server is running on http://localhost:3000
2025-04-25 10:27:58.041 +0200 [my-app] info: Logger initialized at level: debug
2025-04-25 10:27:58.045 +0200 [my-app] info: Server is running on http://localhost:3000
2025-04-25 10:47:26.577 +0200 [my-app] info: Logger initialized at level: debug
2025-04-25 10:47:26.580 +0200 [my-app] info: Server is running on http://localhost:3000
2025-04-25 10:55:52.467 +0200 [my-app] info: Logger initialized at level: debug
2025-04-25 10:55:52.471 +0200 [my-app] info: Server is running on http://localhost:3000
2025-04-25 10:56:46.459 +0200 [my-app] warn: 404 - Not Found - /api/sensors/1/waterlevelsss
2025-04-25 11:16:53.964 +0200 [my-app] warn: 404 - Not Found - /api/users/5
2025-04-25 11:17:00.850 +0200 [my-app] error: name is not defined - POST /api/users
2025-04-25 11:17:10.048 +0200 [my-app] warn: 404 - Not Found - /api/users
2025-04-25 11:17:19.961 +0200 [my-app] error: name is not defined - POST /api/users
2025-04-25 11:17:30.934 +0200 [my-app] error: name is not defined - POST /api/users
2025-04-25 11:18:55.063 +0200 [my-app] info: Logger initialized at level: debug
2025-04-25 11:18:55.067 +0200 [my-app] info: Server is running on http://localhost:3000
2025-04-25 11:18:57.237 +0200 [my-app] error: userName is not defined - POST /api/users
2025-04-25 11:19:02.800 +0200 [my-app] error: userName is not defined - POST /api/users
2025-04-25 11:19:50.068 +0200 [my-app] error: userName is not defined - POST /api/users
2025-04-25 11:19:54.516 +0200 [my-app] warn: 404 - Not Found - /api/users
2025-04-25 11:19:57.577 +0200 [my-app] warn: 404 - Not Found - /api/users/1
2025-04-25 11:20:40.647 +0200 [my-app] info: Logger initialized at level: debug
2025-04-25 11:20:40.651 +0200 [my-app] info: Server is running on http://localhost:3000
2025-04-25 11:21:09.835 +0200 [my-app] error: userName is not defined - POST /api/users/
2025-04-25 11:23:15.605 +0200 [my-app] info: Logger initialized at level: debug
2025-04-25 11:23:15.609 +0200 [my-app] info: Server is running on http://localhost:3000
2025-04-25 11:25:50.720 +0200 [my-app] info: Logger initialized at level: debug
2025-04-25 11:25:50.724 +0200 [my-app] info: Server is running on http://localhost:3000
2025-04-25 11:43:25.070 +0200 [FloodCast] info: Logger initialized at level: debug
2025-04-25 11:43:25.073 +0200 [FloodCast] info: Server is running on http://localhost:3000
2025-04-25 11:49:49.919 +0200 [FloodCast] info: Logger initialized at level: debug
2025-04-25 11:49:49.923 +0200 [FloodCast] info: Server is running on http://localhost:3000
2025-04-25 11:58:33.442 +0200 [FloodCast] info: Logger initialized at level: debug
2025-04-25 11:58:33.446 +0200 [FloodCast] info: Server is running on http://localhost:3000
2025-04-25 11:59:02.791 +0200 [FloodCast] info: Logger initialized at level: debug
2025-04-25 11:59:02.794 +0200 [FloodCast] info: Server is running on http://localhost:3000
2025-04-25 11:59:11.860 +0200 [FloodCast] info: Logger initialized at level: debug
2025-04-25 11:59:11.864 +0200 [FloodCast] info: Server is running on http://localhost:3000
2025-04-25 12:00:41.134 +0200 [FloodCast] info: Logger initialized at level: debug
2025-04-25 12:00:41.138 +0200 [FloodCast] info: Server is running on http://localhost:3000
2025-04-25 12:01:18.889 +0200 [FloodCast] info: Logger initialized at level: debug
2025-04-25 12:01:18.893 +0200 [FloodCast] info: Server is running on http://localhost:3000
2025-04-25 12:01:42.764 +0200 [FloodCast] info: Logger initialized at level: debug
2025-04-25 12:01:42.768 +0200 [FloodCast] info: Server is running on http://localhost:3000
2025-04-25 12:01:48.828 +0200 [FloodCast] info: Logger initialized at level: debug
2025-04-25 12:01:48.832 +0200 [FloodCast] info: Server is running on http://localhost:3000
2025-04-25 12:04:23.943 +0200 [FloodCast] info: Logger initialized at level: debug
2025-04-25 12:04:23.947 +0200 [FloodCast] info: Server is running on http://localhost:3000
2025-04-25 12:05:35.616 +0200 [FloodCast] info: Logger initialized at level: debug
2025-04-25 12:05:35.620 +0200 [FloodCast] info: Server is running on http://localhost:3000
2025-04-25 12:09:02.424 +0200 [FloodCast] info: Logger initialized at level: debug
2025-04-25 12:09:02.428 +0200 [FloodCast] info: Server is running on http://localhost:3000
2025-04-25 12:09:04.278 +0200 [FloodCast] error: batteryStatus must be a number - POST /api/sensors/
2025-04-25 12:09:12.332 +0200 [FloodCast] info: Logger initialized at level: debug
2025-04-25 12:09:12.336 +0200 [FloodCast] info: Server is running on http://localhost:3000
2025-04-25 12:09:13.207 +0200 [FloodCast] error: batteryStatus must be a number - POST /api/sensors/
2025-04-25 12:09:17.016 +0200 [FloodCast] error: batteryStatus must be a number - POST /api/sensors/
2025-04-25 12:09:48.228 +0200 [FloodCast] info: Logger initialized at level: debug
2025-04-25 12:09:48.232 +0200 [FloodCast] info: Server is running on http://localhost:3000
2025-04-25 12:09:49.744 +0200 [FloodCast] error: batteryStatus must be a finite number - POST /api/sensors/
2025-04-25 12:11:27.487 +0200 [FloodCast] info: Logger initialized at level: debug
2025-04-25 12:11:27.490 +0200 [FloodCast] info: Server is running on http://localhost:3000
2025-04-25 12:13:06.779 +0200 [FloodCast] info: Logger initialized at level: debug
2025-04-25 12:13:06.783 +0200 [FloodCast] info: Server is running on http://localhost:3000
2025-04-25 12:17:51.334 +0200 [FloodCast] info: Logger initialized at level: debug
2025-04-25 12:17:51.337 +0200 [FloodCast] info: Server is running on http://localhost:3000
2025-04-25 13:50:07.478 +0200 [FloodCast] info: Logger initialized at level: debug
2025-04-25 13:50:07.481 +0200 [FloodCast] info: Server is running on http://localhost:3000
2025-04-25 13:50:10.259 +0200 [FloodCast] info: Server is running on http://localhost:3000
