2025-04-25 14:16:26.828 +0200 [FloodCast] error: uncaughtException: __dirname is not defined in ES module scope
This file is being treated as an ES module because it has a '.js' file extension and '/Users/rebeccalindman/Documents/Chas/JSX24/Oversvamningskollen/Oversvamningskollen/package.json' contains "type": "module". To treat it as a CommonJS script, rename it to use the '.cjs' file extension.
ReferenceError: __dirname is not defined in ES module scope
This file is being treated as an ES module because it has a '.js' file extension and '/Users/rebeccalindman/Documents/Chas/JSX24/Oversvamningskollen/Oversvamningskollen/package.json' contains "type": "module". To treat it as a CommonJS script, rename it to use the '.cjs' file extension.
    at file:///Users/rebeccalindman/Documents/Chas/JSX24/Oversvamningskollen/Oversvamningskollen/Backend/docs/swagger.js:25:20
    at ModuleJob.run (node:internal/modules/esm/module_job:234:25)
    at async ModuleLoader.import (node:internal/modules/esm/loader:473:24)
    at async asyncRunEntryPointWithESMLoader (node:internal/modules/run_main:122:5)
2025-04-25 14:16:42.121 +0200 [FloodCast] error: uncaughtException: __dirname is not defined in ES module scope
This file is being treated as an ES module because it has a '.js' file extension and '/Users/rebeccalindman/Documents/Chas/JSX24/Oversvamningskollen/Oversvamningskollen/package.json' contains "type": "module". To treat it as a CommonJS script, rename it to use the '.cjs' file extension.
ReferenceError: __dirname is not defined in ES module scope
This file is being treated as an ES module because it has a '.js' file extension and '/Users/rebeccalindman/Documents/Chas/JSX24/Oversvamningskollen/Oversvamningskollen/package.json' contains "type": "module". To treat it as a CommonJS script, rename it to use the '.cjs' file extension.
    at file:///Users/rebeccalindman/Documents/Chas/JSX24/Oversvamningskollen/Oversvamningskollen/Backend/docs/swagger.js:26:20
    at ModuleJob.run (node:internal/modules/esm/module_job:234:25)
    at async ModuleLoader.import (node:internal/modules/esm/loader:473:24)
    at async asyncRunEntryPointWithESMLoader (node:internal/modules/run_main:122:5)
2025-04-25 14:17:02.262 +0200 [FloodCast] error: uncaughtException: __dirname is not defined in ES module scope
This file is being treated as an ES module because it has a '.js' file extension and '/Users/rebeccalindman/Documents/Chas/JSX24/Oversvamningskollen/Oversvamningskollen/package.json' contains "type": "module". To treat it as a CommonJS script, rename it to use the '.cjs' file extension.
ReferenceError: __dirname is not defined in ES module scope
This file is being treated as an ES module because it has a '.js' file extension and '/Users/rebeccalindman/Documents/Chas/JSX24/Oversvamningskollen/Oversvamningskollen/package.json' contains "type": "module". To treat it as a CommonJS script, rename it to use the '.cjs' file extension.
    at file:///Users/rebeccalindman/Documents/Chas/JSX24/Oversvamningskollen/Oversvamningskollen/Backend/docs/swagger.js:26:20
    at ModuleJob.run (node:internal/modules/esm/module_job:234:25)
    at async ModuleLoader.import (node:internal/modules/esm/loader:473:24)
    at async asyncRunEntryPointWithESMLoader (node:internal/modules/run_main:122:5)
2025-04-25 14:17:26.677 +0200 [FloodCast] error: uncaughtException: __dirname is not defined in ES module scope
This file is being treated as an ES module because it has a '.js' file extension and '/Users/rebeccalindman/Documents/Chas/JSX24/Oversvamningskollen/Oversvamningskollen/package.json' contains "type": "module". To treat it as a CommonJS script, rename it to use the '.cjs' file extension.
ReferenceError: __dirname is not defined in ES module scope
This file is being treated as an ES module because it has a '.js' file extension and '/Users/rebeccalindman/Documents/Chas/JSX24/Oversvamningskollen/Oversvamningskollen/package.json' contains "type": "module". To treat it as a CommonJS script, rename it to use the '.cjs' file extension.
    at file:///Users/rebeccalindman/Documents/Chas/JSX24/Oversvamningskollen/Oversvamningskollen/Backend/docs/swagger.js:26:20
    at ModuleJob.run (node:internal/modules/esm/module_job:234:25)
    at async ModuleLoader.import (node:internal/modules/esm/loader:473:24)
    at async asyncRunEntryPointWithESMLoader (node:internal/modules/run_main:122:5)
2025-04-25 15:35:11.164 +0200 [FloodCast] error: uncaughtException: path is not defined
ReferenceError: path is not defined
    at file:///Users/rebeccalindman/Documents/Chas/JSX24/Oversvamningskollen/Oversvamningskollen/Backend/docs/swagger.js:21:10
    at ModuleJob.run (node:internal/modules/esm/module_job:234:25)
    at async ModuleLoader.import (node:internal/modules/esm/loader:473:24)
    at async asyncRunEntryPointWithESMLoader (node:internal/modules/run_main:122:5)
2025-04-25 16:10:18.397 +0200 [FloodCast] error: uncaughtException: path is not defined
ReferenceError: path is not defined
    at file:///Users/rebeccalindman/Documents/Chas/JSX24/Oversvamningskollen/Oversvamningskollen/Backend/docs/swagger.js:22:10
    at ModuleJob.run (node:internal/modules/esm/module_job:234:25)
    at async ModuleLoader.import (node:internal/modules/esm/loader:473:24)
    at async asyncRunEntryPointWithESMLoader (node:internal/modules/run_main:122:5)
